# JRE version: OpenJDK Runtime Environment (11.0.12+7) (build 11.0.12+7-b1504.28-7817840)
# Java VM: OpenJDK 64-Bit Server VM (11.0.12+7-b1504.28-7817840, mixed mode, tiered, compressed oops, g1 gc, windows-amd64)
Heap:
 garbage-first heap   total 96256K, used 78624K [0x0000000080000000, 0x0000000100000000)
  region size 1024K, 7 young (7168K), 2 survivors (2048K)
 Metaspace       used 51758K, capacity 53260K, committed 53632K, reserved 1095680K
  class space    used 6673K, capacity 7206K, committed 7296K, reserved 1048576K
GC Heap History (20 events):
Event: 8.225 GC heap before
{Heap before GC invocations=14 (full 0):
 garbage-first heap   total 96256K, used 61739K [0x0000000080000000, 0x0000000100000000)
  region size 1024K, 18 young (18432K), 4 survivors (4096K)
 Metaspace       used 44635K, capacity 45821K, committed 45952K, reserved 1089536K
  class space    used 5761K, capacity 6191K, committed 6272K, reserved 1048576K
}
Event: 8.231 GC heap after
{Heap after GC invocations=15 (full 0):
 garbage-first heap   total 96256K, used 50306K [0x0000000080000000, 0x0000000100000000)
  region size 1024K, 4 young (4096K), 4 survivors (4096K)
 Metaspace       used 44635K, capacity 45821K, committed 45952K, reserved 1089536K
  class space    used 5761K, capacity 6191K, committed 6272K, reserved 1048576K
}
Event: 8.486 GC heap before
{Heap before GC invocations=16 (full 0):
 garbage-first heap   total 96256K, used 75906K [0x0000000080000000, 0x0000000100000000)
  region size 1024K, 28 young (28672K), 4 survivors (4096K)
 Metaspace       used 46300K, capacity 47582K, committed 47872K, reserved 1091584K
  class space    used 5890K, capacity 6329K, committed 6400K, reserved 1048576K
}
Event: 8.490 GC heap after
{Heap after GC invocations=17 (full 0):
 garbage-first heap   total 96256K, used 52027K [0x0000000080000000, 0x0000000100000000)
  region size 1024K, 4 young (4096K), 4 survivors (4096K)
 Metaspace       used 46300K, capacity 47582K, committed 47872K, reserved 1091584K
  class space    used 5890K, capacity 6329K, committed 6400K, reserved 1048576K
}
Event: 8.793 GC heap before
{Heap before GC invocations=17 (full 0):
 garbage-first heap   total 96256K, used 71483K [0x0000000080000000, 0x0000000100000000)
  region size 1024K, 24 young (24576K), 4 survivors (4096K)
 Metaspace       used 47653K, capacity 49001K, committed 49152K, reserved 1091584K
  class space    used 6113K, capacity 6589K, committed 6656K, reserved 1048576K
}
Event: 8.798 GC heap after
{Heap after GC invocations=18 (full 0):
 garbage-first heap   total 96256K, used 53349K [0x0000000080000000, 0x0000000100000000)
  region size 1024K, 4 young (4096K), 4 survivors (4096K)
 Metaspace       used 47653K, capacity 49001K, committed 49152K, reserved 1091584K
  class space    used 6113K, capacity 6589K, committed 6656K, reserved 1048576K
}
Event: 9.128 GC heap before
{Heap before GC invocations=19 (full 0):
 garbage-first heap   total 96256K, used 80997K [0x0000000080000000, 0x0000000100000000)
  region size 1024K, 27 young (27648K), 4 survivors (4096K)
 Metaspace       used 49252K, capacity 50646K, committed 50688K, reserved 1093632K
  class space    used 6388K, capacity 6882K, committed 6912K, reserved 1048576K
}
Event: 9.130 GC heap after
{Heap after GC invocations=20 (full 0):
 garbage-first heap   total 96256K, used 59515K [0x0000000080000000, 0x0000000100000000)
  region size 1024K, 4 young (4096K), 4 survivors (4096K)
 Metaspace       used 49252K, capacity 50646K, committed 50688K, reserved 1093632K
  class space    used 6388K, capacity 6882K, committed 6912K, reserved 1048576K
}
Event: 9.430 GC heap before
{Heap before GC invocations=20 (full 0):
 garbage-first heap   total 96256K, used 78971K [0x0000000080000000, 0x0000000100000000)
  region size 1024K, 23 young (23552K), 4 survivors (4096K)
 Metaspace       used 50536K, capacity 51993K, committed 52224K, reserved 1093632K
  class space    used 6567K, capacity 7072K, committed 7168K, reserved 1048576K
}
Event: 9.435 GC heap after
{Heap after GC invocations=21 (full 0):
 garbage-first heap   total 96256K, used 60184K [0x0000000080000000, 0x0000000100000000)
  region size 1024K, 2 young (2048K), 2 survivors (2048K)
 Metaspace       used 50536K, capacity 51993K, committed 52224K, reserved 1093632K
  class space    used 6567K, capacity 7072K, committed 7168K, reserved 1048576K
}
Event: 9.884 GC heap before
{Heap before GC invocations=22 (full 0):
 garbage-first heap   total 96256K, used 78616K [0x0000000080000000, 0x0000000100000000)
  region size 1024K, 21 young (21504K), 2 survivors (2048K)
 Metaspace       used 51263K, capacity 52801K, committed 53120K, reserved 1095680K
  class space    used 6642K, capacity 7189K, committed 7296K, reserved 1048576K
}
Event: 9.886 GC heap after
{Heap after GC invocations=23 (full 0):
 garbage-first heap   total 96256K, used 61093K [0x0000000080000000, 0x0000000100000000)
  region size 1024K, 2 young (2048K), 2 survivors (2048K)
 Metaspace       used 51263K, capacity 52801K, committed 53120K, reserved 1095680K
  class space    used 6642K, capacity 7189K, committed 7296K, reserved 1048576K
}
Event: 10.162 GC heap before
{Heap before GC invocations=23 (full 0):
 garbage-first heap   total 96256K, used 74405K [0x0000000080000000, 0x0000000100000000)
  region size 1024K, 17 young (17408K), 2 survivors (2048K)
 Metaspace       used 51655K, capacity 53199K, committed 53376K, reserved 1095680K
  class space    used 6678K, capacity 7230K, committed 7296K, reserved 1048576K
}
Event: 10.165 GC heap after
{Heap after GC invocations=24 (full 0):
 garbage-first heap   total 96256K, used 61910K [0x0000000080000000, 0x0000000100000000)
  region size 1024K, 3 young (3072K), 3 survivors (3072K)
 Metaspace       used 51655K, capacity 53199K, committed 53376K, reserved 1095680K
  class space    used 6678K, capacity 7230K, committed 7296K, reserved 1048576K
}
Event: 13.268 GC heap before
{Heap before GC invocations=25 (full 0):
 garbage-first heap   total 96256K, used 63958K [0x0000000080000000, 0x0000000100000000)
  region size 1024K, 5 young (5120K), 3 survivors (3072K)
 Metaspace       used 51698K, capacity 53263K, committed 53376K, reserved 1095680K
  class space    used 6686K, capacity 7230K, committed 7296K, reserved 1048576K
}
Event: 13.271 GC heap after
{Heap after GC invocations=26 (full 0):
 garbage-first heap   total 96256K, used 65278K [0x0000000080000000, 0x0000000100000000)
  region size 1024K, 3 young (3072K), 3 survivors (3072K)
 Metaspace       used 51698K, capacity 53263K, committed 53376K, reserved 1095680K
  class space    used 6686K, capacity 7230K, committed 7296K, reserved 1048576K
}
Event: 22.177 GC heap before
{Heap before GC invocations=27 (full 0):
 garbage-first heap   total 96256K, used 68350K [0x0000000080000000, 0x0000000100000000)
  region size 1024K, 7 young (7168K), 3 survivors (3072K)
 Metaspace       used 51722K, capacity 53265K, committed 53376K, reserved 1095680K
  class space    used 6686K, capacity 7230K, committed 7296K, reserved 1048576K
}
Event: 22.180 GC heap after
{Heap after GC invocations=28 (full 0):
 garbage-first heap   total 96256K, used 68191K [0x0000000080000000, 0x0000000100000000)
  region size 1024K, 3 young (3072K), 3 survivors (3072K)
 Metaspace       used 51722K, capacity 53265K, committed 53376K, reserved 1095680K
  class space    used 6686K, capacity 7230K, committed 7296K, reserved 1048576K
}
Event: 25.747 GC heap before
{Heap before GC invocations=29 (full 0):
 garbage-first heap   total 96256K, used 73311K [0x0000000080000000, 0x0000000100000000)
  region size 1024K, 7 young (7168K), 3 survivors (3072K)
 Metaspace       used 51621K, capacity 53094K, committed 53376K, reserved 1095680K
  class space    used 6655K, capacity 7173K, committed 7296K, reserved 1048576K
}
Event: 25.753 GC heap after
{Heap after GC invocations=30 (full 0):
 garbage-first heap   total 96256K, used 73504K [0x0000000080000000, 0x0000000100000000)
  region size 1024K, 2 young (2048K), 2 survivors (2048K)
 Metaspace       used 51621K, capacity 53094K, committed 53376K, reserved 1095680K
  class space    used 6655K, capacity 7173K, committed 7296K, reserved 1048576K
}

