# JRE version: OpenJDK Runtime Environment (11.0.12+7) (build 11.0.12+7-b1504.28-7817840)
# Java VM: OpenJDK 64-Bit Server VM (11.0.12+7-b1504.28-7817840, mixed mode, tiered, compressed oops, g1 gc, windows-amd64)
Heap:
 garbage-first heap   total 201728K, used 155741K [0x0000000080000000, 0x0000000100000000)
  region size 1024K, 31 young (31744K), 5 survivors (5120K)
 Metaspace       used 109903K, capacity 112564K, committed 112896K, reserved 1146880K
  class space    used 13760K, capacity 14736K, committed 14848K, reserved 1048576K
GC Heap History (20 events):
Event: 34.232 GC heap before
{Heap before GC invocations=75 (full 0):
 garbage-first heap   total 201728K, used 150403K [0x0000000080000000, 0x0000000100000000)
  region size 1024K, 43 young (44032K), 5 survivors (5120K)
 Metaspace       used 84903K, capacity 87098K, committed 87296K, reserved 1124352K
  class space    used 10941K, capacity 11716K, committed 11776K, reserved 1048576K
}
Event: 34.239 GC heap after
{Heap after GC invocations=76 (full 0):
 garbage-first heap   total 201728K, used 113599K [0x0000000080000000, 0x0000000100000000)
  region size 1024K, 2 young (2048K), 2 survivors (2048K)
 Metaspace       used 84903K, capacity 87098K, committed 87296K, reserved 1124352K
  class space    used 10941K, capacity 11716K, committed 11776K, reserved 1048576K
}
Event: 34.689 GC heap before
{Heap before GC invocations=77 (full 0):
 garbage-first heap   total 201728K, used 123839K [0x0000000080000000, 0x0000000100000000)
  region size 1024K, 13 young (13312K), 2 survivors (2048K)
 Metaspace       used 86453K, capacity 88644K, committed 88832K, reserved 1126400K
  class space    used 11124K, capacity 11909K, committed 12032K, reserved 1048576K
}
Event: 34.694 GC heap after
{Heap after GC invocations=78 (full 0):
 garbage-first heap   total 201728K, used 114313K [0x0000000080000000, 0x0000000100000000)
  region size 1024K, 3 young (3072K), 3 survivors (3072K)
 Metaspace       used 86453K, capacity 88644K, committed 88832K, reserved 1126400K
  class space    used 11124K, capacity 11909K, committed 12032K, reserved 1048576K
}
Event: 36.174 GC heap before
{Heap before GC invocations=79 (full 0):
 garbage-first heap   total 201728K, used 150153K [0x0000000080000000, 0x0000000100000000)
  region size 1024K, 37 young (37888K), 3 survivors (3072K)
 Metaspace       used 92063K, capacity 94215K, committed 94336K, reserved 1130496K
  class space    used 11808K, capacity 12602K, committed 12672K, reserved 1048576K
}
Event: 36.179 GC heap after
{Heap after GC invocations=80 (full 0):
 garbage-first heap   total 201728K, used 115436K [0x0000000080000000, 0x0000000100000000)
  region size 1024K, 4 young (4096K), 4 survivors (4096K)
 Metaspace       used 92063K, capacity 94215K, committed 94336K, reserved 1130496K
  class space    used 11808K, capacity 12602K, committed 12672K, reserved 1048576K
}
Event: 37.357 GC heap before
{Heap before GC invocations=80 (full 0):
 garbage-first heap   total 201728K, used 152300K [0x0000000080000000, 0x0000000100000000)
  region size 1024K, 40 young (40960K), 4 survivors (4096K)
 Metaspace       used 95029K, capacity 97331K, committed 97536K, reserved 1134592K
  class space    used 12212K, capacity 13032K, committed 13056K, reserved 1048576K
}
Event: 37.365 GC heap after
{Heap after GC invocations=81 (full 0):
 garbage-first heap   total 201728K, used 118079K [0x0000000080000000, 0x0000000100000000)
  region size 1024K, 5 young (5120K), 5 survivors (5120K)
 Metaspace       used 95029K, capacity 97331K, committed 97536K, reserved 1134592K
  class space    used 12212K, capacity 13032K, committed 13056K, reserved 1048576K
}
Event: 38.829 GC heap before
{Heap before GC invocations=82 (full 0):
 garbage-first heap   total 201728K, used 153919K [0x0000000080000000, 0x0000000100000000)
  region size 1024K, 41 young (41984K), 5 survivors (5120K)
 Metaspace       used 98045K, capacity 100450K, committed 100480K, reserved 1136640K
  class space    used 12551K, capacity 13423K, committed 13440K, reserved 1048576K
}
Event: 38.837 GC heap after
{Heap after GC invocations=83 (full 0):
 garbage-first heap   total 201728K, used 121225K [0x0000000080000000, 0x0000000100000000)
  region size 1024K, 6 young (6144K), 6 survivors (6144K)
 Metaspace       used 98045K, capacity 100450K, committed 100480K, reserved 1136640K
  class space    used 12551K, capacity 13423K, committed 13440K, reserved 1048576K
}
Event: 39.924 GC heap before
{Heap before GC invocations=83 (full 0):
 garbage-first heap   total 201728K, used 158089K [0x0000000080000000, 0x0000000100000000)
  region size 1024K, 43 young (44032K), 6 survivors (6144K)
 Metaspace       used 98545K, capacity 100954K, committed 101120K, reserved 1136640K
  class space    used 12586K, capacity 13457K, committed 13568K, reserved 1048576K
}
Event: 39.933 GC heap after
{Heap after GC invocations=84 (full 0):
 garbage-first heap   total 201728K, used 123259K [0x0000000080000000, 0x0000000100000000)
  region size 1024K, 3 young (3072K), 3 survivors (3072K)
 Metaspace       used 98545K, capacity 100954K, committed 101120K, reserved 1136640K
  class space    used 12586K, capacity 13457K, committed 13568K, reserved 1048576K
}
Event: 41.114 GC heap before
{Heap before GC invocations=85 (full 0):
 garbage-first heap   total 201728K, used 161147K [0x0000000080000000, 0x0000000100000000)
  region size 1024K, 40 young (40960K), 3 survivors (3072K)
 Metaspace       used 99572K, capacity 101961K, committed 102144K, reserved 1138688K
  class space    used 12680K, capacity 13562K, committed 13568K, reserved 1048576K
}
Event: 41.120 GC heap after
{Heap after GC invocations=86 (full 0):
 garbage-first heap   total 201728K, used 125530K [0x0000000080000000, 0x0000000100000000)
  region size 1024K, 5 young (5120K), 5 survivors (5120K)
 Metaspace       used 99572K, capacity 101961K, committed 102144K, reserved 1138688K
  class space    used 12680K, capacity 13562K, committed 13568K, reserved 1048576K
}
Event: 41.990 GC heap before
{Heap before GC invocations=86 (full 0):
 garbage-first heap   total 201728K, used 163418K [0x0000000080000000, 0x0000000100000000)
  region size 1024K, 43 young (44032K), 5 survivors (5120K)
 Metaspace       used 101983K, capacity 104432K, committed 104576K, reserved 1140736K
  class space    used 13002K, capacity 13915K, committed 13952K, reserved 1048576K
}
Event: 41.997 GC heap after
{Heap after GC invocations=87 (full 0):
 garbage-first heap   total 201728K, used 126276K [0x0000000080000000, 0x0000000100000000)
  region size 1024K, 4 young (4096K), 4 survivors (4096K)
 Metaspace       used 101983K, capacity 104432K, committed 104576K, reserved 1140736K
  class space    used 13002K, capacity 13915K, committed 13952K, reserved 1048576K
}
Event: 42.674 GC heap before
{Heap before GC invocations=88 (full 0):
 garbage-first heap   total 201728K, used 166212K [0x0000000080000000, 0x0000000100000000)
  region size 1024K, 43 young (44032K), 4 survivors (4096K)
 Metaspace       used 104670K, capacity 107021K, committed 107136K, reserved 1142784K
  class space    used 13302K, capacity 14202K, committed 14208K, reserved 1048576K
}
Event: 42.680 GC heap after
{Heap after GC invocations=89 (full 0):
 garbage-first heap   total 201728K, used 128961K [0x0000000080000000, 0x0000000100000000)
  region size 1024K, 4 young (4096K), 4 survivors (4096K)
 Metaspace       used 104670K, capacity 107021K, committed 107136K, reserved 1142784K
  class space    used 13302K, capacity 14202K, committed 14208K, reserved 1048576K
}
Event: 128.649 GC heap before
{Heap before GC invocations=89 (full 0):
 garbage-first heap   total 201728K, used 166849K [0x0000000080000000, 0x0000000100000000)
  region size 1024K, 42 young (43008K), 4 survivors (4096K)
 Metaspace       used 109480K, capacity 112141K, committed 112256K, reserved 1146880K
  class space    used 13736K, capacity 14697K, committed 14720K, reserved 1048576K
}
Event: 128.823 GC heap after
{Heap after GC invocations=90 (full 0):
 garbage-first heap   total 201728K, used 131165K [0x0000000080000000, 0x0000000100000000)
  region size 1024K, 5 young (5120K), 5 survivors (5120K)
 Metaspace       used 109480K, capacity 112141K, committed 112256K, reserved 1146880K
  class space    used 13736K, capacity 14697K, committed 14720K, reserved 1048576K
}

