# JRE version: OpenJDK Runtime Environment (11.0.12+7) (build 11.0.12+7-b1504.28-7817840)
# Java VM: OpenJDK 64-Bit Server VM (11.0.12+7-b1504.28-7817840, mixed mode, tiered, compressed oops, g1 gc, windows-amd64)
Heap:
 garbage-first heap   total 512000K, used 166120K [0x0000000080000000, 0x0000000100000000)
  region size 1024K, 4 young (4096K), 4 survivors (4096K)
 Metaspace       used 101197K, capacity 103364K, committed 103808K, reserved 1138688K
  class space    used 13179K, capacity 14034K, committed 14208K, reserved 1048576K
GC Heap History (20 events):
Event: 36.577 GC heap after
{Heap after GC invocations=50 (full 0):
 garbage-first heap   total 167936K, used 90177K [0x0000000080000000, 0x0000000100000000)
  region size 1024K, 5 young (5120K), 5 survivors (5120K)
 Metaspace       used 95331K, capacity 97502K, committed 98176K, reserved 1134592K
  class space    used 12287K, capacity 13142K, committed 13440K, reserved 1048576K
}
Event: 37.165 GC heap before
{Heap before GC invocations=51 (full 0):
 garbage-first heap   total 167936K, used 134209K [0x0000000080000000, 0x0000000100000000)
  region size 1024K, 49 young (50176K), 5 survivors (5120K)
 Metaspace       used 95486K, capacity 97632K, committed 98688K, reserved 1134592K
  class space    used 12261K, capacity 13057K, committed 13440K, reserved 1048576K
}
Event: 37.197 GC heap after
{Heap after GC invocations=52 (full 0):
 garbage-first heap   total 201728K, used 93005K [0x0000000080000000, 0x0000000100000000)
  region size 1024K, 7 young (7168K), 7 survivors (7168K)
 Metaspace       used 95486K, capacity 97632K, committed 98688K, reserved 1134592K
  class space    used 12261K, capacity 13057K, committed 13440K, reserved 1048576K
}
Event: 37.637 GC heap before
{Heap before GC invocations=52 (full 0):
 garbage-first heap   total 201728K, used 105293K [0x0000000080000000, 0x0000000100000000)
  region size 1024K, 21 young (21504K), 7 survivors (7168K)
 Metaspace       used 95877K, capacity 98016K, committed 98944K, reserved 1134592K
  class space    used 12310K, capacity 13098K, committed 13440K, reserved 1048576K
}
Event: 37.657 GC heap after
{Heap after GC invocations=53 (full 0):
 garbage-first heap   total 201728K, used 93961K [0x0000000080000000, 0x0000000100000000)
  region size 1024K, 4 young (4096K), 4 survivors (4096K)
 Metaspace       used 95877K, capacity 98016K, committed 98944K, reserved 1134592K
  class space    used 12310K, capacity 13098K, committed 13440K, reserved 1048576K
}
Event: 38.542 GC heap before
{Heap before GC invocations=54 (full 0):
 garbage-first heap   total 201728K, used 113417K [0x0000000080000000, 0x0000000100000000)
  region size 1024K, 17 young (17408K), 4 survivors (4096K)
 Metaspace       used 98578K, capacity 100680K, committed 101632K, reserved 1136640K
  class space    used 12683K, capacity 13477K, committed 13824K, reserved 1048576K
}
Event: 38.554 GC heap after
{Heap after GC invocations=55 (full 0):
 garbage-first heap   total 201728K, used 103737K [0x0000000080000000, 0x0000000100000000)
  region size 1024K, 6 young (6144K), 6 survivors (6144K)
 Metaspace       used 98578K, capacity 100680K, committed 101632K, reserved 1136640K
  class space    used 12683K, capacity 13477K, committed 13824K, reserved 1048576K
}
Event: 38.761 GC heap before
{Heap before GC invocations=56 (full 0):
 garbage-first heap   total 201728K, used 136505K [0x0000000080000000, 0x0000000100000000)
  region size 1024K, 21 young (21504K), 6 survivors (6144K)
 Metaspace       used 98754K, capacity 100815K, committed 101632K, reserved 1136640K
  class space    used 12706K, capacity 13479K, committed 13824K, reserved 1048576K
}
Event: 38.807 GC heap after
{Heap after GC invocations=57 (full 0):
 garbage-first heap   total 201728K, used 118152K [0x0000000080000000, 0x0000000100000000)
  region size 1024K, 8 young (8192K), 8 survivors (8192K)
 Metaspace       used 98754K, capacity 100815K, committed 101632K, reserved 1136640K
  class space    used 12706K, capacity 13479K, committed 13824K, reserved 1048576K
}
Event: 38.972 GC heap before
{Heap before GC invocations=57 (full 0):
 garbage-first heap   total 201728K, used 133512K [0x0000000080000000, 0x0000000100000000)
  region size 1024K, 21 young (21504K), 8 survivors (8192K)
 Metaspace       used 98779K, capacity 100880K, committed 101632K, reserved 1136640K
  class space    used 12706K, capacity 13479K, committed 13824K, reserved 1048576K
}
Event: 38.985 GC heap after
{Heap after GC invocations=58 (full 0):
 garbage-first heap   total 201728K, used 123869K [0x0000000080000000, 0x0000000100000000)
  region size 1024K, 3 young (3072K), 3 survivors (3072K)
 Metaspace       used 98779K, capacity 100880K, committed 101632K, reserved 1136640K
  class space    used 12706K, capacity 13479K, committed 13824K, reserved 1048576K
}
Event: 39.066 GC heap before
{Heap before GC invocations=59 (full 0):
 garbage-first heap   total 201728K, used 131037K [0x0000000080000000, 0x0000000100000000)
  region size 1024K, 11 young (11264K), 3 survivors (3072K)
 Metaspace       used 98780K, capacity 100880K, committed 101632K, reserved 1136640K
  class space    used 12706K, capacity 13479K, committed 13824K, reserved 1048576K
}
Event: 39.080 GC heap after
{Heap after GC invocations=60 (full 0):
 garbage-first heap   total 256000K, used 128183K [0x0000000080000000, 0x0000000100000000)
  region size 1024K, 4 young (4096K), 4 survivors (4096K)
 Metaspace       used 98780K, capacity 100880K, committed 101632K, reserved 1136640K
  class space    used 12706K, capacity 13479K, committed 13824K, reserved 1048576K
}
Event: 39.504 GC heap before
{Heap before GC invocations=61 (full 0):
 garbage-first heap   total 256000K, used 143543K [0x0000000080000000, 0x0000000100000000)
  region size 1024K, 19 young (19456K), 4 survivors (4096K)
 Metaspace       used 100736K, capacity 102919K, committed 103552K, reserved 1138688K
  class space    used 13153K, capacity 13999K, committed 14208K, reserved 1048576K
}
Event: 39.519 GC heap after
{Heap after GC invocations=62 (full 0):
 garbage-first heap   total 256000K, used 133240K [0x0000000080000000, 0x0000000100000000)
  region size 1024K, 3 young (3072K), 3 survivors (3072K)
 Metaspace       used 100736K, capacity 102919K, committed 103552K, reserved 1138688K
  class space    used 13153K, capacity 13999K, committed 14208K, reserved 1048576K
}
Event: 39.925 GC heap before
{Heap before GC invocations=62 (full 0):
 garbage-first heap   total 256000K, used 157816K [0x0000000080000000, 0x0000000100000000)
  region size 1024K, 27 young (27648K), 3 survivors (3072K)
 Metaspace       used 101173K, capacity 103359K, committed 103808K, reserved 1138688K
  class space    used 13179K, capacity 14034K, committed 14208K, reserved 1048576K
}
Event: 40.110 GC heap after
{Heap after GC invocations=63 (full 0):
 garbage-first heap   total 256000K, used 146097K [0x0000000080000000, 0x0000000100000000)
  region size 1024K, 4 young (4096K), 4 survivors (4096K)
 Metaspace       used 101173K, capacity 103359K, committed 103808K, reserved 1138688K
  class space    used 13179K, capacity 14034K, committed 14208K, reserved 1048576K
}
Event: 40.320 GC heap before
{Heap before GC invocations=63 (full 0):
 garbage-first heap   total 256000K, used 168625K [0x0000000080000000, 0x0000000100000000)
  region size 1024K, 27 young (27648K), 4 survivors (4096K)
 Metaspace       used 101196K, capacity 103364K, committed 103808K, reserved 1138688K
  class space    used 13179K, capacity 14034K, committed 14208K, reserved 1048576K
}
Event: 40.340 GC heap after
{Heap after GC invocations=64 (full 0):
 garbage-first heap   total 256000K, used 159444K [0x0000000080000000, 0x0000000100000000)
  region size 1024K, 4 young (4096K), 4 survivors (4096K)
 Metaspace       used 101196K, capacity 103364K, committed 103808K, reserved 1138688K
  class space    used 13179K, capacity 14034K, committed 14208K, reserved 1048576K
}
Event: 40.410 GC heap before
{Heap before GC invocations=65 (full 0):
 garbage-first heap   total 256000K, used 170708K [0x0000000080000000, 0x0000000100000000)
  region size 1024K, 16 young (16384K), 4 survivors (4096K)
 Metaspace       used 101197K, capacity 103364K, committed 103808K, reserved 1138688K
  class space    used 13179K, capacity 14034K, committed 14208K, reserved 1048576K
}

