# JRE version: OpenJDK Runtime Environment (11.0.12+7) (build 11.0.12+7-b1504.28-7817840)
# Java VM: OpenJDK 64-Bit Server VM (11.0.12+7-b1504.28-7817840, mixed mode, tiered, compressed oops, g1 gc, windows-amd64)
Heap:
 garbage-first heap   total 278528K, used 164047K [0x0000000080000000, 0x0000000100000000)
  region size 1024K, 2 young (2048K), 2 survivors (2048K)
 Metaspace       used 111206K, capacity 114234K, committed 114432K, reserved 1148928K
  class space    used 14635K, capacity 15820K, committed 15872K, reserved 1048576K
GC Heap History (20 events):
Event: 30.142 GC heap after
{Heap after GC invocations=42 (full 0):
 garbage-first heap   total 168960K, used 86997K [0x0000000080000000, 0x0000000100000000)
  region size 1024K, 6 young (6144K), 6 survivors (6144K)
 Metaspace       used 90003K, capacity 92512K, committed 92672K, reserved 1128448K
  class space    used 11744K, capacity 12723K, committed 12800K, reserved 1048576K
}
Event: 30.999 GC heap before
{Heap before GC invocations=43 (full 0):
 garbage-first heap   total 168960K, used 132053K [0x0000000080000000, 0x0000000100000000)
  region size 1024K, 51 young (52224K), 6 survivors (6144K)
 Metaspace       used 92638K, capacity 95117K, committed 95616K, reserved 1132544K
  class space    used 12070K, capacity 12990K, committed 13184K, reserved 1048576K
}
Event: 31.025 GC heap after
{Heap after GC invocations=44 (full 0):
 garbage-first heap   total 168960K, used 88211K [0x0000000080000000, 0x0000000100000000)
  region size 1024K, 5 young (5120K), 5 survivors (5120K)
 Metaspace       used 92638K, capacity 95117K, committed 95616K, reserved 1132544K
  class space    used 12070K, capacity 12990K, committed 13184K, reserved 1048576K
}
Event: 32.066 GC heap before
{Heap before GC invocations=44 (full 0):
 garbage-first heap   total 168960K, used 135315K [0x0000000080000000, 0x0000000100000000)
  region size 1024K, 51 young (52224K), 5 survivors (5120K)
 Metaspace       used 95814K, capacity 98311K, committed 98560K, reserved 1134592K
  class space    used 12446K, capacity 13412K, committed 13568K, reserved 1048576K
}
Event: 32.091 GC heap after
{Heap after GC invocations=45 (full 0):
 garbage-first heap   total 168960K, used 91869K [0x0000000080000000, 0x0000000100000000)
  region size 1024K, 5 young (5120K), 5 survivors (5120K)
 Metaspace       used 95814K, capacity 98311K, committed 98560K, reserved 1134592K
  class space    used 12446K, capacity 13412K, committed 13568K, reserved 1048576K
}
Event: 33.079 GC heap before
{Heap before GC invocations=46 (full 0):
 garbage-first heap   total 168960K, used 136925K [0x0000000080000000, 0x0000000100000000)
  region size 1024K, 50 young (51200K), 5 survivors (5120K)
 Metaspace       used 96823K, capacity 98977K, committed 100224K, reserved 1136640K
  class space    used 12446K, capacity 13231K, committed 13696K, reserved 1048576K
}
Event: 33.096 GC heap after
{Heap after GC invocations=47 (full 0):
 garbage-first heap   total 168960K, used 94384K [0x0000000080000000, 0x0000000100000000)
  region size 1024K, 6 young (6144K), 6 survivors (6144K)
 Metaspace       used 96823K, capacity 98977K, committed 100224K, reserved 1136640K
  class space    used 12446K, capacity 13231K, committed 13696K, reserved 1048576K
}
Event: 48.209 GC heap before
{Heap before GC invocations=47 (full 0):
 garbage-first heap   total 168960K, used 138416K [0x0000000080000000, 0x0000000100000000)
  region size 1024K, 50 young (51200K), 6 survivors (6144K)
 Metaspace       used 99987K, capacity 102423K, committed 102784K, reserved 1138688K
  class space    used 12912K, capacity 13778K, committed 13952K, reserved 1048576K
}
Event: 48.341 GC heap after
{Heap after GC invocations=48 (full 0):
 garbage-first heap   total 202752K, used 96974K [0x0000000080000000, 0x0000000100000000)
  region size 1024K, 5 young (5120K), 5 survivors (5120K)
 Metaspace       used 99987K, capacity 102423K, committed 102784K, reserved 1138688K
  class space    used 12912K, capacity 13778K, committed 13952K, reserved 1048576K
}
Event: 51.102 GC heap before
{Heap before GC invocations=49 (full 0):
 garbage-first heap   total 202752K, used 135886K [0x0000000080000000, 0x0000000100000000)
  region size 1024K, 45 young (46080K), 5 survivors (5120K)
 Metaspace       used 109697K, capacity 112685K, committed 112896K, reserved 1146880K
  class space    used 14387K, capacity 15566K, committed 15616K, reserved 1048576K
}
Event: 51.147 GC heap after
{Heap after GC invocations=50 (full 0):
 garbage-first heap   total 202752K, used 98934K [0x0000000080000000, 0x0000000100000000)
  region size 1024K, 5 young (5120K), 5 survivors (5120K)
 Metaspace       used 109697K, capacity 112685K, committed 112896K, reserved 1146880K
  class space    used 14387K, capacity 15566K, committed 15616K, reserved 1048576K
}
Event: 51.888 GC heap before
{Heap before GC invocations=51 (full 0):
 garbage-first heap   total 202752K, used 143990K [0x0000000080000000, 0x0000000100000000)
  region size 1024K, 24 young (24576K), 5 survivors (5120K)
 Metaspace       used 110094K, capacity 113155K, committed 113280K, reserved 1146880K
  class space    used 14447K, capacity 15637K, committed 15744K, reserved 1048576K
}
Event: 51.913 GC heap after
{Heap after GC invocations=52 (full 0):
 garbage-first heap   total 202752K, used 122747K [0x0000000080000000, 0x0000000100000000)
  region size 1024K, 8 young (8192K), 8 survivors (8192K)
 Metaspace       used 110094K, capacity 113155K, committed 113280K, reserved 1146880K
  class space    used 14447K, capacity 15637K, committed 15744K, reserved 1048576K
}
Event: 52.124 GC heap before
{Heap before GC invocations=53 (full 0):
 garbage-first heap   total 202752K, used 145275K [0x0000000080000000, 0x0000000100000000)
  region size 1024K, 29 young (29696K), 8 survivors (8192K)
 Metaspace       used 110143K, capacity 113156K, committed 113280K, reserved 1146880K
  class space    used 14447K, capacity 15637K, committed 15744K, reserved 1048576K
}
Event: 52.216 GC heap after
{Heap after GC invocations=54 (full 0):
 garbage-first heap   total 202752K, used 132339K [0x0000000080000000, 0x0000000100000000)
  region size 1024K, 6 young (6144K), 6 survivors (6144K)
 Metaspace       used 110143K, capacity 113156K, committed 113280K, reserved 1146880K
  class space    used 14447K, capacity 15637K, committed 15744K, reserved 1048576K
}
Event: 52.756 GC heap before
{Heap before GC invocations=55 (full 0):
 garbage-first heap   total 202752K, used 158963K [0x0000000080000000, 0x0000000100000000)
  region size 1024K, 32 young (32768K), 6 survivors (6144K)
 Metaspace       used 111163K, capacity 114226K, committed 114432K, reserved 1148928K
  class space    used 14635K, capacity 15820K, committed 15872K, reserved 1048576K
}
Event: 52.783 GC heap after
{Heap after GC invocations=56 (full 0):
 garbage-first heap   total 202752K, used 145408K [0x0000000080000000, 0x0000000100000000)
  region size 1024K, 4 young (4096K), 4 survivors (4096K)
 Metaspace       used 111163K, capacity 114226K, committed 114432K, reserved 1148928K
  class space    used 14635K, capacity 15820K, committed 15872K, reserved 1048576K
}
Event: 52.974 GC heap before
{Heap before GC invocations=56 (full 0):
 garbage-first heap   total 202752K, used 164864K [0x0000000080000000, 0x0000000100000000)
  region size 1024K, 23 young (23552K), 4 survivors (4096K)
 Metaspace       used 111197K, capacity 114231K, committed 114432K, reserved 1148928K
  class space    used 14635K, capacity 15820K, committed 15872K, reserved 1048576K
}
Event: 53.114 GC heap after
{Heap after GC invocations=57 (full 0):
 garbage-first heap   total 202752K, used 157109K [0x0000000080000000, 0x0000000100000000)
  region size 1024K, 3 young (3072K), 3 survivors (3072K)
 Metaspace       used 111197K, capacity 114231K, committed 114432K, reserved 1148928K
  class space    used 14635K, capacity 15820K, committed 15872K, reserved 1048576K
}
Event: 53.263 GC heap before
{Heap before GC invocations=57 (full 0):
 garbage-first heap   total 202752K, used 168373K [0x0000000080000000, 0x0000000100000000)
  region size 1024K, 14 young (14336K), 3 survivors (3072K)
 Metaspace       used 111206K, capacity 114234K, committed 114432K, reserved 1148928K
  class space    used 14635K, capacity 15820K, committed 15872K, reserved 1048576K
}

