# JRE version: OpenJDK Runtime Environment (11.0.12+7) (build 11.0.12+7-b1504.28-7817840)
# Java VM: OpenJDK 64-Bit Server VM (11.0.12+7-b1504.28-7817840, mixed mode, tiered, compressed oops, g1 gc, windows-amd64)
Heap:
 garbage-first heap   total 501760K, used 173304K [0x0000000080000000, 0x0000000100000000)
  region size 1024K, 2 young (2048K), 2 survivors (2048K)
 Metaspace       used 111420K, capacity 114398K, committed 114688K, reserved 1148928K
  class space    used 14625K, capacity 15787K, committed 15872K, reserved 1048576K
GC Heap History (20 events):
Event: 59.997 GC heap after
{Heap after GC invocations=74 (full 0):
 garbage-first heap   total 201728K, used 140707K [0x0000000080000000, 0x0000000100000000)
  region size 1024K, 3 young (3072K), 3 survivors (3072K)
 Metaspace       used 111037K, capacity 114025K, committed 114176K, reserved 1146880K
  class space    used 14624K, capacity 15793K, committed 15872K, reserved 1048576K
}
Event: 60.218 GC heap before
{Heap before GC invocations=74 (full 0):
 garbage-first heap   total 201728K, used 156067K [0x0000000080000000, 0x0000000100000000)
  region size 1024K, 19 young (19456K), 3 survivors (3072K)
 Metaspace       used 111127K, capacity 114100K, committed 114432K, reserved 1148928K
  class space    used 14624K, capacity 15793K, committed 15872K, reserved 1048576K
}
Event: 60.243 GC heap after
{Heap after GC invocations=75 (full 0):
 garbage-first heap   total 201728K, used 149975K [0x0000000080000000, 0x0000000100000000)
  region size 1024K, 3 young (3072K), 3 survivors (3072K)
 Metaspace       used 111127K, capacity 114100K, committed 114432K, reserved 1148928K
  class space    used 14624K, capacity 15793K, committed 15872K, reserved 1048576K
}
Event: 60.416 GC heap before
{Heap before GC invocations=75 (full 0):
 garbage-first heap   total 201728K, used 163287K [0x0000000080000000, 0x0000000100000000)
  region size 1024K, 16 young (16384K), 3 survivors (3072K)
 Metaspace       used 111141K, capacity 114102K, committed 114432K, reserved 1148928K
  class space    used 14624K, capacity 15793K, committed 15872K, reserved 1048576K
}
Event: 60.435 GC heap after
{Heap after GC invocations=76 (full 0):
 garbage-first heap   total 201728K, used 157849K [0x0000000080000000, 0x0000000100000000)
  region size 1024K, 2 young (2048K), 2 survivors (2048K)
 Metaspace       used 111141K, capacity 114102K, committed 114432K, reserved 1148928K
  class space    used 14624K, capacity 15793K, committed 15872K, reserved 1048576K
}
Event: 60.562 GC heap before
{Heap before GC invocations=76 (full 0):
 garbage-first heap   total 201728K, used 166041K [0x0000000080000000, 0x0000000100000000)
  region size 1024K, 11 young (11264K), 2 survivors (2048K)
 Metaspace       used 111145K, capacity 114103K, committed 114432K, reserved 1148928K
  class space    used 14624K, capacity 15793K, committed 15872K, reserved 1048576K
}
Event: 60.570 GC heap after
{Heap after GC invocations=77 (full 0):
 garbage-first heap   total 201728K, used 163427K [0x0000000080000000, 0x0000000100000000)
  region size 1024K, 2 young (2048K), 2 survivors (2048K)
 Metaspace       used 111145K, capacity 114103K, committed 114432K, reserved 1148928K
  class space    used 14624K, capacity 15793K, committed 15872K, reserved 1048576K
}
Event: 60.632 GC heap before
{Heap before GC invocations=77 (full 0):
 garbage-first heap   total 201728K, used 170595K [0x0000000080000000, 0x0000000100000000)
  region size 1024K, 9 young (9216K), 2 survivors (2048K)
 Metaspace       used 111145K, capacity 114103K, committed 114432K, reserved 1148928K
  class space    used 14624K, capacity 15793K, committed 15872K, reserved 1048576K
}
Event: 60.643 GC heap after
{Heap after GC invocations=78 (full 0):
 garbage-first heap   total 201728K, used 167659K [0x0000000080000000, 0x0000000100000000)
  region size 1024K, 2 young (2048K), 2 survivors (2048K)
 Metaspace       used 111145K, capacity 114103K, committed 114432K, reserved 1148928K
  class space    used 14624K, capacity 15793K, committed 15872K, reserved 1048576K
}
Event: 60.680 GC heap before
{Heap before GC invocations=79 (full 0):
 garbage-first heap   total 201728K, used 170731K [0x0000000080000000, 0x0000000100000000)
  region size 1024K, 6 young (6144K), 2 survivors (2048K)
 Metaspace       used 111145K, capacity 114103K, committed 114432K, reserved 1148928K
  class space    used 14624K, capacity 15793K, committed 15872K, reserved 1048576K
}
Event: 60.687 GC heap after
{Heap after GC invocations=80 (full 0):
 garbage-first heap   total 201728K, used 170135K [0x0000000080000000, 0x0000000100000000)
  region size 1024K, 2 young (2048K), 2 survivors (2048K)
 Metaspace       used 111145K, capacity 114103K, committed 114432K, reserved 1148928K
  class space    used 14624K, capacity 15793K, committed 15872K, reserved 1048576K
}
Event: 60.766 GC heap before
{Heap before GC invocations=80 (full 0):
 garbage-first heap   total 201728K, used 179351K [0x0000000080000000, 0x0000000100000000)
  region size 1024K, 9 young (9216K), 2 survivors (2048K)
 Metaspace       used 111146K, capacity 114103K, committed 114432K, reserved 1148928K
  class space    used 14624K, capacity 15793K, committed 15872K, reserved 1048576K
}
Event: 60.782 GC heap after
{Heap after GC invocations=81 (full 0):
 garbage-first heap   total 250880K, used 176429K [0x0000000080000000, 0x0000000100000000)
  region size 1024K, 2 young (2048K), 2 survivors (2048K)
 Metaspace       used 111146K, capacity 114103K, committed 114432K, reserved 1148928K
  class space    used 14624K, capacity 15793K, committed 15872K, reserved 1048576K
}
Event: 61.469 GC heap before
{Heap before GC invocations=81 (full 0):
 garbage-first heap   total 250880K, used 192813K [0x0000000080000000, 0x0000000100000000)
  region size 1024K, 19 young (19456K), 2 survivors (2048K)
 Metaspace       used 111281K, capacity 114292K, committed 114432K, reserved 1148928K
  class space    used 14621K, capacity 15782K, committed 15872K, reserved 1048576K
}
Event: 61.508 GC heap after
{Heap after GC invocations=82 (full 0):
 garbage-first heap   total 250880K, used 182154K [0x0000000080000000, 0x0000000100000000)
  region size 1024K, 3 young (3072K), 3 survivors (3072K)
 Metaspace       used 111281K, capacity 114292K, committed 114432K, reserved 1148928K
  class space    used 14621K, capacity 15782K, committed 15872K, reserved 1048576K
}
Event: 61.608 GC heap before
{Heap before GC invocations=83 (full 0):
 garbage-first heap   total 250880K, used 186250K [0x0000000080000000, 0x0000000100000000)
  region size 1024K, 8 young (8192K), 3 survivors (3072K)
 Metaspace       used 111302K, capacity 114300K, committed 114432K, reserved 1148928K
  class space    used 14621K, capacity 15782K, committed 15872K, reserved 1048576K
}
Event: 61.635 GC heap after
{Heap after GC invocations=84 (full 0):
 garbage-first heap   total 250880K, used 183155K [0x0000000080000000, 0x0000000100000000)
  region size 1024K, 1 young (1024K), 1 survivors (1024K)
 Metaspace       used 111302K, capacity 114300K, committed 114432K, reserved 1148928K
  class space    used 14621K, capacity 15782K, committed 15872K, reserved 1048576K
}
Event: 62.150 GC heap before
{Heap before GC invocations=85 (full 0):
 garbage-first heap   total 250880K, used 188275K [0x0000000080000000, 0x0000000100000000)
  region size 1024K, 16 young (16384K), 1 survivors (1024K)
 Metaspace       used 111377K, capacity 114390K, committed 114688K, reserved 1148928K
  class space    used 14624K, capacity 15786K, committed 15872K, reserved 1048576K
}
Event: 62.162 GC heap after
{Heap after GC invocations=86 (full 0):
 garbage-first heap   total 250880K, used 174014K [0x0000000080000000, 0x0000000100000000)
  region size 1024K, 2 young (2048K), 2 survivors (2048K)
 Metaspace       used 111377K, capacity 114390K, committed 114688K, reserved 1148928K
  class space    used 14624K, capacity 15786K, committed 15872K, reserved 1048576K
}
Event: 62.390 GC heap before
{Heap before GC invocations=86 (full 0):
 garbage-first heap   total 250880K, used 184254K [0x0000000080000000, 0x0000000100000000)
  region size 1024K, 12 young (12288K), 2 survivors (2048K)
 Metaspace       used 111420K, capacity 114398K, committed 114688K, reserved 1148928K
  class space    used 14625K, capacity 15787K, committed 15872K, reserved 1048576K
}

